trend,CN,TW,385132
trend,CN,MN,6444
trend,CN,SG,51726
trend,CN,TR,21449
trend,CN,US,402033
trend,CN,SN,448
trend,CN,LT,270
trend,CN,FJ,42
trend,CN,SI,822
trend,CN,NZ,16906
trend,CN,BY,142
trend,CN,SR,1121
trend,CN,SD,1801
trend,CN,FO,85
trend,CN,AF,29
trend,CN,JM,6
trend,CN,MG,38
trend,CN,MW,51
trend,CN,GD,1
trend,CN,CA,54372
trend,CN,AE,19203
trend,CN,PK,10213
trend,CN,ES,11758
trend,CN,BF,1379
trend,CN,CH,9952
trend,CN,CZ,2394
trend,CN,PH,55931
trend,CN,KE,5714
trend,CN,PR,27
trend,CN,BO,334
trend,CN,AL,501
trend,CN,GE,808
trend,CN,RS,159
trend,CN,NG,5394
trend,CN,EG,2168
trend,CN,IS,407
trend,CN,RE,61
trend,CN,LR,11
trend,CN,BH,282
trend,CN,MV,2
trend,CN,GI,0
trend,CN,FR,83495
trend,CN,MX,3486
trend,CN,GN,705
trend,CN,LU,630
trend,CN,QA,13211
trend,CN,AM,223
trend,CN,IQ,1968
trend,CN,IT,45842
trend,CN,EE,1833
trend,CN,AR,992
trend,CN,BE,5296
trend,CN,PE,555
trend,CN,MA,1653
trend,CN,VN,9982
trend,CN,TG,45
trend,CN,DZ,2140
trend,CN,NI,28
trend,CN,KG,24
trend,CN,TD,42
trend,CN,BB,27
trend,CN,NP,60
trend,CN,MZ,161
trend,CN,PF,22
trend,CN,KR,403895
trend,CN,GR,8832
trend,CN,FI,8026
trend,CN,HR,277
trend,CN,MY,76393
trend,CN,GT,150
trend,CN,CY,2904
trend,CN,KH,1060
trend,CN,TJ,153
trend,CN,JO,436
trend,CN,TN,734
trend,CN,KW,12849
trend,CN,NE,133
trend,CN,OM,581
trend,CN,MD,16
trend,CN,YE,41
trend,CN,NA,5
trend,CN,LC,0
trend,CN,TZ,408
trend,CN,KM,111
trend,CN,SY,130
trend,CN,LB,1297
trend,CN,DK,19833
trend,CN,SE,12035
trend,CN,LV,176
trend,CN,MM,8387
trend,CN,HU,1142
trend,CN,IL,43968
trend,CN,PT,659
trend,CN,IE,2292
trend,CN,NO,1211
trend,CN,CL,3548
trend,CN,ZW,8951
trend,CN,PG,111
trend,CN,ZA,2348
trend,CN,ME,341
trend,CN,ZM,428
trend,CN,DM,121
trend,CN,MC,26
trend,CN,CD,12
trend,CN,TT,109
trend,CN,CG,233
trend,CN,GU,36
trend,CN,GL,2
trend,CN,GY,5
trend,CN,HK,601131
trend,CN,GB,48395
trend,CN,CO,1358
trend,CN,AT,1743
trend,CN,RO,498
trend,CN,MT,161
trend,CN,RU,34234
trend,CN,DE,67156
trend,CN,BG,227
trend,CN,BJ,490
trend,CN,UG,640
trend,CN,LI,1031
trend,CN,UZ,297
trend,CN,MK,191
trend,CN,UY,18
trend,CN,SV,7
trend,CN,BA,525
trend,CN,SC,260
trend,CN,GM,27
trend,CN,CV,4
trend,CN,CM,7
trend,CN,IN,143883
trend,CN,LA,658
trend,CN,SA,43148
trend,CN,BR,28793
trend,CN,JP,632727
trend,CN,MO,51126
trend,CN,PL,2565
trend,CN,AU,116419
trend,CN,TH,83636
trend,CN,UA,1031
trend,CN,ID,68135
trend,CN,CI,1655
trend,CN,HN,31
trend,CN,CU,6536
trend,CN,BD,105
trend,CN,BW,410
trend,CN,BN,89
trend,CN,DO,354
trend,CN,TM,579
trend,CN,PY,90
trend,CN,SL,37
trend,CN,MS,0
trend,CN,VC,0
trend,CN,NL,23945
trend,CN,PA,1284
trend,CN,ML,4751
trend,CN,LK,6236
trend,CN,MU,994
trend,CN,GH,66
trend,CN,IR,2630
trend,CN,AZ,215
trend,CN,SK,447
trend,CN,RW,42
trend,CN,MP,135
trend,CN,CR,66
trend,CN,AO,148
trend,CN,LY,572
trend,CN,EC,63
trend,CN,AI,5
trend,CN,KY,279
trend,CN,ET,1308
trend,CN,NC,369
trend,CN,GW,14
trend,CN,AG,94
trend,CN,DJ,401
trend,TW,CN,78580
trend,JM,CN,1321
trend,FJ,CN,2435
trend,MN,CN,6487
trend,NZ,CN,12874
trend,SG,CN,82895
trend,US,CN,153103
trend,BY,CN,2171
trend,LT,CN,218
trend,MG,CN,309
trend,GD,CN,42
trend,TR,CN,9541
trend,SD,CN,565
trend,FO,CN,17
trend,SR,CN,338
trend,SI,CN,1450
trend,SN,CN,340
trend,LS,CN,5
trend,SB,CN,5
trend,MW,CN,54
trend,AF,CN,548
trend,RE,CN,165
trend,AE,CN,113680
trend,CA,CN,36065
trend,CZ,CN,11075
trend,IS,CN,1517
trend,KE,CN,4460
trend,AL,CN,758
trend,PK,CN,35070
trend,MV,CN,169908
trend,BO,CN,893
trend,NG,CN,1328
trend,ES,CN,22698
trend,GI,CN,24
trend,BF,CN,439
trend,GE,CN,1425
trend,CH,CN,29705
trend,EG,CN,19979
trend,PH,CN,115261
trend,RS,CN,1958
trend,PR,CN,74
trend,BH,CN,1853
trend,KN,CN,86
trend,LR,CN,87
trend,GN,CN,372
trend,DZ,CN,1561
trend,LU,CN,409
trend,NP,CN,10194
trend,BE,CN,4796
trend,VN,CN,31557
trend,IT,CN,34008
trend,AR,CN,6785
trend,MX,CN,10897
trend,KG,CN,517
trend,PF,CN,2596
trend,EE,CN,1094
trend,MA,CN,2182
trend,NI,CN,17
trend,QA,CN,1706
trend,FR,CN,73571
trend,IQ,CN,13182
trend,BT,CN,89
trend,AM,CN,2043
trend,TD,CN,24
trend,MZ,CN,213
trend,PE,CN,1736
trend,TG,CN,194
trend,CF,CN,38
trend,BB,CN,143
trend,JO,CN,2107
trend,MY,CN,114541
trend,GT,CN,46
trend,NE,CN,298
trend,VI,CN,36
trend,MD,CN,80
trend,KH,CN,84239
trend,KW,CN,797
trend,HR,CN,2868
trend,YE,CN,84
trend,FI,CN,7051
trend,LC,CN,0
trend,OM,CN,2290
trend,TN,CN,478
trend,KM,CN,54
trend,SY,CN,224
trend,KR,CN,80172
trend,TJ,CN,1401
trend,CY,CN,7613
trend,GR,CN,7447
trend,NA,CN,116
trend,TZ,CN,3976
trend,MR,CN,224
trend,PT,CN,3102
trend,HU,CN,2963
trend,SE,CN,7360
trend,CG,CN,72
trend,GY,CN,156
trend,ME,CN,10679
trend,IE,CN,4374
trend,MC,CN,11
trend,LV,CN,324
trend,ZW,CN,1703
trend,CL,CN,1406
trend,ZA,CN,9562
trend,GU,CN,9619
trend,ZM,CN,433
trend,NO,CN,7999
trend,BZ,CN,161
trend,DM,CN,7
trend,MM,CN,4199
trend,DK,CN,5467
trend,IL,CN,2670
trend,TT,CN,385
trend,GL,CN,552
trend,CD,CN,141
trend,LB,CN,1441
trend,PG,CN,4468
trend,RO,CN,1081
trend,BG,CN,1308
trend,RU,CN,102661
trend,GB,CN,70234
trend,CO,CN,348
trend,HK,CN,413710
trend,AT,CN,23963
trend,LI,CN,157
trend,DE,CN,44723
trend,SV,CN,11
trend,GM,CN,46
trend,BJ,CN,58
trend,BA,CN,8283
trend,UY,CN,98
trend,MK,CN,223
trend,SC,CN,2800
trend,CM,CN,618
trend,UG,CN,2231
trend,CV,CN,16
trend,UZ,CN,4027
trend,MT,CN,468
trend,VU,CN,293
trend,IN,CN,7993
trend,AU,CN,37747
trend,PL,CN,2242
trend,SL,CN,1048
trend,MO,CN,338098
trend,CI,CN,304
trend,ID,CN,36146
trend,UA,CN,2777
trend,JP,CN,592039
trend,BR,CN,7410
trend,CU,CN,3550
trend,TH,CN,98527
trend,SA,CN,5599
trend,LA,CN,10260
trend,HN,CN,46
trend,BD,CN,3682
trend,TM,CN,161
trend,BW,CN,116
trend,BN,CN,1485
trend,TO,CN,788
trend,BI,CN,20
trend,DO,CN,205
trend,TC,CN,8
trend,PY,CN,61
trend,EC,CN,863
trend,VE,CN,2514
trend,AO,CN,435
trend,DJ,CN,1190
trend,LY,CN,41
trend,AZ,CN,6821
trend,LK,CN,9183
trend,NL,CN,14720
trend,MU,CN,7366
trend,KY,CN,65
trend,AG,CN,76
trend,AI,CN,8
trend,GW,CN,21
trend,ML,CN,444
trend,RW,CN,793
trend,IR,CN,3789
trend,SK,CN,462
trend,PA,CN,575
trend,GH,CN,2883
trend,NC,CN,285
trend,CR,CN,369
trend,ET,CN,5114
trend,MP,CN,5434
