trend,CN,US,483547
trend,CN,TW,337289
trend,CN,TR,21030
trend,CN,MG,164
trend,CN,MW,68
trend,CN,FJ,478
trend,CN,NZ,18650
trend,CN,SN,3261
trend,CN,BY,279
trend,CN,MN,5277
trend,CN,SI,1819
trend,CN,LT,331
trend,CN,FO,122
trend,CN,SG,58554
trend,CN,SD,2606
trend,CN,AF,35
trend,CN,SR,853
trend,CN,,22
trend,CN,JM,32
trend,CN,GD,56
trend,CN,LS,0
trend,CN,RS,504
trend,CN,ES,19534
trend,CN,AL,1621
trend,CN,RE,131
trend,CN,CA,73725
trend,CN,BH,363
trend,CN,CH,13531
trend,CN,KE,6912
trend,CN,GE,913
trend,CN,IS,569
trend,CN,PH,67916
trend,CN,CZ,3795
trend,CN,AE,18917
trend,CN,EG,4634
trend,CN,NG,10650
trend,CN,PK,12085
trend,CN,LR,8
trend,CN,BO,276
trend,CN,BF,4798
trend,CN,VO,0
trend,CN,PR,29
trend,CN,KN,0
trend,CN,GI,2
trend,CN,AD,0
trend,CN,MV,5
trend,CN,FR,104647
trend,CN,LU,1303
trend,CN,MZ,241
trend,CN,QA,9578
trend,CN,MA,4217
trend,CN,VN,12532
trend,CN,DZ,2830
trend,CN,EE,2989
trend,CN,NI,139
trend,CN,MX,3825
trend,CN,IT,70968
trend,CN,BE,8054
trend,CN,AM,780
trend,CN,PE,965
trend,CN,AR,2173
trend,CN,GN,998
trend,CN,NP,106
trend,CN,TG,170
trend,CN,KG,49
trend,CN,IQ,1281
trend,CN,TD,62
trend,CN,BT,1
trend,CN,BB,135
trend,CN,PF,51
trend,CN,GT,51
trend,CN,KR,379952
trend,CN,HR,496
trend,CN,YE,7
trend,CN,JO,388
trend,CN,SY,626
trend,CN,CY,2398
trend,CN,GR,12075
trend,CN,MY,104617
trend,CN,FI,4981
trend,CN,MR,317
trend,CN,OM,1032
trend,CN,VI,0
trend,CN,KW,9995
trend,CN,TZ,4663
trend,CN,MD,72
trend,CN,KH,2356
trend,CN,TJ,445
trend,CN,TN,998
trend,CN,NA,2
trend,CN,LC,7
trend,CN,KM,681
trend,CN,NE,100
trend,CN,DK,24825
trend,CN,CL,4254
trend,CN,ZA,3090
trend,CN,HU,1201
trend,CN,SE,19674
trend,CN,IE,3887
trend,CN,CD,155
trend,CN,IL,39108
trend,CN,ZM,1092
trend,CN,PT,840
trend,CN,LB,1059
trend,CN,CG,1850
trend,CN,NO,1919
trend,CN,ZW,7948
trend,CN,MM,9996
trend,CN,LV,268
trend,CN,PG,108
trend,CN,DM,0
trend,CN,GU,32
trend,CN,TT,90
trend,CN,BZ,0
trend,CN,ME,390
trend,CN,GL,5
trend,CN,GY,53
trend,CN,MC,19
trend,CN,GB,59567
trend,CN,RU,37809
trend,CN,DE,83744
trend,CN,HK,539687
trend,CN,CO,1801
trend,CN,LI,1727
trend,CN,RO,941
trend,CN,UZ,375
trend,CN,AT,1767
trend,CN,BJ,727
trend,CN,MT,315
trend,CN,BG,388
trend,CN,MK,139
trend,CN,UG,1047
trend,CN,GM,250
trend,CN,CN,0
trend,CN,SV,34
trend,CN,CV,28
trend,CN,BA,635
trend,CN,UY,20
trend,CN,CM,36
trend,CN,SC,359
trend,CN,BN,141
trend,CN,UA,856
trend,CN,IN,181570
trend,CN,PL,3684
trend,CN,SA,24360
trend,CN,AU,169414
trend,CN,JP,675622
trend,CN,HN,19
trend,CN,ID,79608
trend,CN,MO,31840
trend,CN,CI,1888
trend,CN,BR,23129
trend,CN,TH,116556
trend,CN,VC,0
trend,CN,LA,938
trend,CN,BD,233
trend,CN,CU,15097
trend,CN,MS,0
trend,CN,PY,72
trend,CN,DO,216
trend,CN,BW,232
trend,CN,SL,24
trend,CN,BI,53
trend,CN,SM,0
trend,CN,TM,397
trend,CN,TC,10
trend,CN,NL,27720
trend,CN,PA,1344
trend,CN,LK,8988
trend,CN,GH,167
trend,CN,EC,346
trend,CN,KY,245
trend,CN,SK,747
trend,CN,GW,40
trend,CN,CR,211
trend,CN,AZ,242
trend,CN,MP,194
trend,CN,DJ,787
trend,CN,ML,2238
trend,CN,IR,2542
trend,CN,NC,508
trend,CN,MU,1068
trend,CN,AO,705
trend,CN,VE,118697
trend,CN,ET,2165
trend,CN,AI,2
trend,CN,RW,45
trend,CN,LY,221
trend,CN,AG,632
trend,TW,CN,79342
trend,JM,CN,1884
trend,FJ,CN,1744
trend,MN,CN,5308
trend,NZ,CN,9370
trend,SG,CN,34492
trend,US,CN,105990
trend,BY,CN,2576
trend,LT,CN,265
trend,MG,CN,298
trend,GD,CN,52
trend,TR,CN,14870
trend,SD,CN,453
trend,FO,CN,25
trend,SR,CN,274
trend,SI,CN,1699
trend,SN,CN,392
trend,LS,CN,4
trend,SB,CN,9
trend,MW,CN,135
trend,AF,CN,133
trend,,CN,294
trend,RE,CN,174
trend,AE,CN,136970
trend,CA,CN,28265
trend,CZ,CN,9373
trend,IS,CN,1582
trend,KE,CN,3157
trend,AL,CN,4119
trend,PK,CN,23599
trend,MV,CN,129482
trend,BO,CN,461
trend,NG,CN,1058
trend,ES,CN,24830
trend,GI,CN,44
trend,BF,CN,428
trend,GE,CN,2584
trend,CH,CN,26058
trend,EG,CN,25533
trend,PH,CN,106541
trend,RS,CN,1757
trend,PR,CN,66
trend,BH,CN,2563
trend,KN,CN,46
trend,LR,CN,246
trend,GN,CN,696
trend,DZ,CN,801
trend,LU,CN,489
trend,NP,CN,14942
trend,BE,CN,5769
trend,VN,CN,33392
trend,IT,CN,32530
trend,AR,CN,8038
trend,MX,CN,14326
trend,KG,CN,1066
trend,PF,CN,2085
trend,EE,CN,552
trend,MA,CN,2507
trend,NI,CN,17
trend,QA,CN,2482
trend,FR,CN,82127
trend,IQ,CN,12242
trend,BT,CN,325
trend,AM,CN,2542
trend,TD,CN,12
trend,MZ,CN,285
trend,PE,CN,2947
trend,TG,CN,90
trend,CF,CN,19
trend,BB,CN,148
trend,JO,CN,3100
trend,MY,CN,93098
trend,GT,CN,164
trend,NE,CN,378
trend,VI,CN,18
trend,MD,CN,100
trend,KH,CN,67484
trend,KW,CN,573
trend,HR,CN,2938
trend,FI,CN,4684
trend,LC,CN,40
trend,OM,CN,1575
trend,TN,CN,495
trend,KM,CN,12
trend,SY,CN,116
trend,YE,CN,69
trend,KR,CN,84484
trend,TJ,CN,1761
trend,CY,CN,24313
trend,GR,CN,8225
trend,NA,CN,198
trend,TZ,CN,2286
trend,MR,CN,297
trend,PT,CN,1569
trend,HU,CN,2916
trend,SE,CN,5893
trend,CG,CN,59
trend,GY,CN,270
trend,ME,CN,16804
trend,IE,CN,2367
trend,MC,CN,8
trend,LV,CN,307
trend,ZW,CN,985
trend,CL,CN,1458
trend,ZA,CN,8137
trend,GU,CN,9300
trend,ZM,CN,370
trend,NO,CN,6777
trend,BZ,CN,114
trend,DM,CN,82
trend,MM,CN,5076
trend,DK,CN,4258
trend,IL,CN,2764
trend,TT,CN,1066
trend,GL,CN,506
trend,CD,CN,196
trend,LB,CN,971
trend,PG,CN,5159
trend,RO,CN,590
trend,BG,CN,1044
trend,RU,CN,60085
trend,GB,CN,45859
trend,CO,CN,438
trend,HK,CN,313761
trend,AT,CN,20798
trend,LI,CN,103
trend,DE,CN,64344
trend,SV,CN,14
trend,GM,CN,29
trend,BJ,CN,48
trend,CV,CN,16
trend,BA,CN,9418
trend,UY,CN,311
trend,MK,CN,367
trend,SC,CN,2816
trend,CM,CN,376
trend,UG,CN,1544
trend,UZ,CN,5719
trend,MT,CN,583
trend,VU,CN,130
trend,IN,CN,8486
trend,AU,CN,27826
trend,PL,CN,11234
trend,SL,CN,248
trend,MO,CN,150061
trend,CI,CN,481
trend,ID,CN,31798
trend,UA,CN,3920
trend,JP,CN,485623
trend,BR,CN,6741
trend,CU,CN,5460
trend,TH,CN,83735
trend,SA,CN,3615
trend,LA,CN,7307
trend,HN,CN,37
trend,BD,CN,3685
trend,TM,CN,349
trend,BW,CN,75
trend,BN,CN,794
trend,TO,CN,540
trend,BI,CN,18
trend,DO,CN,414
trend,TC,CN,35
trend,PY,CN,35
trend,EC,CN,1496
trend,VE,CN,1627
trend,AO,CN,406
trend,DJ,CN,479
trend,LY,CN,33
trend,AZ,CN,7843
trend,LK,CN,13486
trend,NL,CN,16834
trend,MU,CN,3834
trend,KY,CN,31
trend,AG,CN,56
trend,AI,CN,7
trend,GW,CN,19
trend,ML,CN,457
trend,RW,CN,566
trend,IR,CN,3907
trend,SK,CN,493
trend,PA,CN,905
trend,GH,CN,1871
trend,NC,CN,1189
trend,CR,CN,335
trend,ET,CN,5486
trend,MP,CN,5848
