trend,CN,US,590265
trend,CN,TR,30050
trend,CN,TW,488666
trend,CN,MN,8132
trend,CN,FJ,1908
trend,CN,SG,138344
trend,CN,LT,399
trend,CN,MG,393
trend,CN,SN,902
trend,CN,SI,2960
trend,CN,SR,1777
trend,CN,BY,1685
trend,CN,FO,391
trend,CN,NZ,29033
trend,CN,SD,2264
trend,CN,MW,376
trend,CN,JM,1566
trend,CN,AF,2118
trend,CN,LS,8
trend,CN,GD,77
trend,CN,SB,9
trend,CN,AL,1119
trend,CN,CA,104326
trend,CN,CH,38176
trend,CN,PH,206375
trend,CN,BO,615
trend,CN,CZ,12320
trend,CN,ES,43680
trend,CN,BF,1508
trend,CN,AE,132658
trend,CN,KE,7412
trend,CN,NG,9776
trend,CN,RE,264
trend,CN,EG,21014
trend,CN,RS,1692
trend,CN,PK,43437
trend,CN,GE,2097
trend,CN,VO,0
trend,CN,BH,2913
trend,CN,IS,1443
trend,CN,PR,65
trend,CN,GI,35
trend,CN,LR,29
trend,CN,MV,144059
trend,CN,KN,113
trend,CN,AD,0
trend,CN,BE,14376
trend,CN,VN,42644
trend,CN,MX,13432
trend,CN,GN,1014
trend,CN,DZ,13063
trend,CN,FR,166071
trend,CN,AR,9648
trend,CN,IT,93776
trend,CN,MA,3920
trend,CN,MZ,290
trend,CN,TG,424
trend,CN,EE,2207
trend,CN,LU,1132
trend,CN,BT,57
trend,CN,NI,40
trend,CN,QA,9140
trend,CN,PE,2082
trend,CN,AM,10872
trend,CN,IQ,16860
trend,CN,KG,659
trend,CN,TD,333
trend,CN,PF,456
trend,CN,NP,9724
trend,CN,BB,93
trend,CN,CF,61
trend,CN,KR,431410
trend,CN,FI,12580
trend,CN,KH,119324
trend,CN,MD,113
trend,CN,MY,188028
trend,CN,GR,17135
trend,CN,TZ,24625
trend,CN,TN,2513
trend,CN,CY,11592
trend,CN,HR,2872
trend,CN,KW,17925
trend,CN,JO,3463
trend,CN,OM,1124
trend,CN,SY,683
trend,CN,YE,109
trend,CN,LC,19
trend,CN,TJ,3200
trend,CN,GT,165
trend,CN,VI,13
trend,CN,MR,283
trend,CN,NE,96
trend,CN,KM,8
trend,CN,NA,85
trend,CN,SE,19997
trend,CN,ZA,16799
trend,CN,HU,4560
trend,CN,NO,9161
trend,CN,IL,40478
trend,CN,DK,29338
trend,CN,IE,5249
trend,CN,CL,2855
trend,CN,PT,4702
trend,CN,ZW,10232
trend,CN,CG,356
trend,CN,TT,901
trend,CN,LB,1952
trend,CN,MM,12103
trend,CN,ZM,948
trend,CN,ME,6558
trend,CN,PG,8135
trend,CN,DM,34
trend,CN,LV,649
trend,CN,GL,533
trend,CN,CD,100
trend,CN,GU,9098
trend,CN,BZ,206
trend,CN,GY,405
trend,CN,MC,68
trend,CN,HK,1051146
trend,CN,RU,186661
trend,CN,AT,21586
trend,CN,GB,179746
trend,CN,DE,122945
trend,CN,SV,52
trend,CN,BJ,568
trend,CN,MT,949
trend,CN,RO,1533
trend,CN,UG,1572
trend,CN,LI,1503
trend,CN,UZ,3473
trend,CN,BA,8192
trend,CN,SC,5861
trend,CN,CM,759
trend,CN,BG,1573
trend,CN,CV,83
trend,CN,CO,3196
trend,CN,CN,0
trend,CN,UY,145
trend,CN,GM,227
trend,CN,MK,188
trend,CN,VU,287
trend,CN,JP,1129718
trend,CN,IN,159839
trend,CN,PL,4901
trend,CN,AU,187342
trend,CN,ID,124645
trend,CN,SA,42694
trend,CN,LA,8942
trend,CN,TH,230502
trend,CN,BR,45934
trend,CN,CI,2431
trend,CN,BW,291
trend,CN,MO,353049
trend,CN,UA,5151
trend,CN,DO,505
trend,CN,CU,11947
trend,CN,BD,8763
trend,CN,PY,192
trend,CN,BI,10
trend,CN,SL,607
trend,CN,MS,10
trend,CN,HN,289
trend,CN,BN,2310
trend,CN,TC,43
trend,CN,TM,750
trend,CN,VC,1
trend,CN,SM,0
trend,CN,TO,104
trend,CN,NL,38422
trend,CN,AO,1255
trend,CN,SK,1326
trend,CN,ML,1220
trend,CN,LY,1485
trend,CN,AZ,6990
trend,CN,MU,6525
trend,CN,LK,24700
trend,CN,GH,1128
trend,CN,PA,2632
trend,CN,CR,717
trend,CN,MP,5527
trend,CN,IR,7256
trend,CN,AG,162
trend,CN,ET,5066
trend,CN,RW,415
trend,CN,NC,1754
trend,CN,VE,2312
trend,CN,KY,422
trend,CN,EC,496
trend,CN,GW,58
trend,CN,DJ,1021
trend,CN,AI,20
trend,JO,CN,1
trend,EC,CN,427
trend,IN,CN,1
trend,AU,CN,8056
trend,GN,CN,399
trend,PL,CN,215
trend,PT,CN,2367
trend,RE,CN,55
trend,DZ,CN,7608
trend,HU,CN,1303
trend,IN,CN,71
trend,SL,CN,585
trend,TW,CN,31181
trend,VE,CN,1757
trend,JM,CN,622
trend,MO,CN,46870
trend,SE,CN,1662
trend,LU,CN,213
trend,CI,CN,115
trend,MO,CN,156319
trend,IN,CN,5
trend,AU,CN,10860
trend,JO,CN,1978
trend,ID,CN,414
trend,AO,CN,563
trend,FJ,CN,481
trend,MY,CN,16
trend,CG,CN,154
trend,GY,CN,405
trend,ME,CN,4258
trend,DJ,CN,842
trend,RO,CN,164
trend,NP,CN,9510
trend,GT,CN,37
trend,BE,CN,1014
trend,LY,CN,86
trend,MN,CN,23
trend,AZ,CN,107
trend,ME,CN,1591
trend,AE,CN,115427
trend,IE,CN,242
trend,BG,CN,187
trend,IN,CN,176
trend,LU,CN,32
trend,MC,CN,32
trend,NE,CN,96
trend,LK,CN,576
trend,VI,CN,13
trend,IN,CN,6
trend,IN,CN,56
trend,IN,CN,30
trend,IN,CN,14
trend,MD,CN,80
trend,IN,CN,134
trend,UA,CN,2053
trend,PT,CN,215
trend,LV,CN,77
trend,CA,CN,23
trend,VN,CN,6176
trend,MO,CN,102956
trend,CZ,CN,6008
trend,IS,CN,948
trend,ZW,CN,184
trend,KE,CN,889
trend,NZ,CN,4359
trend,KH,CN,26782
trend,SG,CN,11777
trend,CZ,CN,1099
trend,UA,CN,1655
trend,KW,CN,65
trend,IT,CN,5329
trend,VN,CN,10365
trend,NZ,CN,2417
trend,KE,CN,571
trend,KE,CN,866
trend,US,CN,84666
trend,RU,CN,26099
trend,CL,CN,304
trend,CA,CN,7617
trend,ZA,CN,609
trend,CA,CN,3822
trend,GU,CN,9070
trend,IN,CN,1
trend,IN,CN,2
trend,GB,CN,7937
trend,ZM,CN,344
trend,HR,CN,1990
trend,CO,CN,122
trend,BG,CN,566
trend,KH,CN,82678
trend,HK,CN,11486
trend,NO,CN,956
trend,AR,CN,2478
trend,AR,CN,1905
trend,IN,CN,556
trend,YE,CN,0
trend,IN,CN,14
trend,BY,CN,1294
trend,JP,CN,140276
trend,IN,CN,152
trend,IN,CN,10
trend,IN,CN,1842
trend,IN,CN,276
trend,PY,CN,0
trend,AL,CN,65
trend,BE,CN,4109
trend,LT,CN,31
trend,GB,CN,46211
trend,AE,CN,28
trend,NL,CN,2765
trend,MU,CN,1374
trend,MX,CN,4554
trend,IN,CN,166
trend,IN,CN,148
trend,ZA,CN,603
trend,PK,CN,15
trend,BZ,CN,206
trend,AT,CN,8674
trend,LI,CN,79
trend,GB,CN,52
trend,FI,CN,639
trend,MG,CN,167
trend,HU,CN,1343
trend,IN,CN,1
trend,BY,CN,0
trend,BR,CN,70
trend,BR,CN,228
trend,DE,CN,5222
trend,CO,CN,76
trend,IN,CN,0
trend,MV,CN,21748
trend,BO,CN,140
trend,US,CN,50367
trend,NG,CN,1414
trend,JM,CN,711
trend,ES,CN,9161
trend,GD,CN,69
trend,DM,CN,27
trend,KY,CN,34
trend,AG,CN,147
trend,AI,CN,13
trend,LC,CN,6
trend,BR,CN,1662
trend,OM,CN,751
trend,KG,CN,249
trend,AE,CN,9
trend,MM,CN,2701
trend,SV,CN,6
trend,CU,CN,4256
trend,GW,CN,36
trend,GI,CN,17
trend,PF,CN,334
trend,RU,CN,807
trend,ZM,CN,0
trend,ME,CN,100
trend,EE,CN,177
trend,GM,CN,142
trend,ML,CN,352
trend,IT,CN,8863
trend,MA,CN,526
trend,RW,CN,415
trend,IR,CN,3974
trend,MG,CN,66
trend,BF,CN,376
trend,CG,CN,0
trend,IT,CN,117
trend,SK,CN,22
trend,TH,CN,34410
trend,IS,CN,181
trend,NI,CN,17
trend,SA,CN,584
trend,AL,CN,345
trend,GB,CN,4
trend,SK,CN,209
trend,NZ,CN,3671
trend,TN,CN,141
trend,QA,CN,116
trend,KM,CN,6
trend,SY,CN,123
trend,BJ,CN,13
trend,DK,CN,893
trend,IL,CN,41
trend,CV,CN,0
trend,GE,CN,33
trend,CH,CN,13488
trend,DK,CN,1123
trend,EG,CN,9278
trend,FR,CN,7443
trend,GB,CN,1807
trend,IL,CN,0
trend,MY,CN,9635
trend,NL,CN,10707
trend,NO,CN,3854
trend,TR,CN,3742
trend,SA,CN,826
trend,RU,CN,78082
trend,HK,CN,251662
trend,FR,CN,53822
trend,IN,CN,0
trend,IN,CN,6
trend,BA,CN,4688
trend,LA,CN,7463
trend,TT,CN,852
trend,AR,CN,4108
trend,TW,CN,831
trend,TN,CN,897
trend,NG,CN,365
trend,EE,CN,177
trend,YE,CN,99
trend,QA,CN,1337
trend,UY,CN,137
trend,KG,CN,357
trend,SY,CN,39
trend,DZ,CN,660
trend,HN,CN,29
trend,MK,CN,3
trend,PK,CN,0
trend,PA,CN,488
trend,GH,CN,460
trend,BR,CN,187
trend,KR,CN,34724
trend,TJ,CN,171
trend,RU,CN,897
trend,SD,CN,277
trend,AL,CN,48
trend,NL,CN,113
trend,CY,CN,10036
trend,IQ,CN,11129
trend,ID,CN,363
trend,TN,CN,99
trend,LV,CN,96
trend,LV,CN,221
trend,LT,CN,61
trend,FO,CN,9
trend,BR,CN,2900
trend,BR,CN,722
trend,BR,CN,1808
trend,VE,CN,555
trend,IN,CN,1
trend,NC,CN,334
trend,GH,CN,591
trend,NI,CN,8
trend,BT,CN,21
trend,BD,CN,7453
trend,TJ,CN,96
trend,CO,CN,253
trend,SC,CN,4079
trend,IQ,CN,2977
trend,CM,CN,747
trend,IN,CN,11
trend,PT,CN,1373
trend,MY,CN,44390
trend,DE,CN,18563
trend,RU,CN,37505
trend,HK,CN,43609
trend,TW,CN,37350
trend,HK,CN,1
trend,AT,CN,4938
trend,GR,CN,4744
trend,DK,CN,1629
trend,SG,CN,13647
trend,GB,CN,31525
trend,AM,CN,2872
trend,EE,CN,441
trend,RO,CN,125
trend,TR,CN,1259
trend,AZ,CN,6655
trend,MD,CN,6
trend,AU,CN,11699
trend,ID,CN,9165
trend,BH,CN,5
trend,ES,CN,6669
trend,NL,CN,1333
trend,RU,CN,1487
trend,TM,CN,169
trend,NO,CN,76
trend,SE,CN,2224
trend,JP,CN,327733
trend,GL,CN,529
trend,CR,CN,417
trend,SR,CN,370
trend,CD,CN,78
trend,BJ,CN,83
trend,TJ,CN,2693
trend,BW,CN,156
trend,BA,CN,3042
trend,PK,CN,279
trend,GB,CN,82
trend,MU,CN,1748
trend,IN,CN,244
trend,IL,CN,436
trend,PH,CN,136188
trend,TD,CN,265
trend,ZW,CN,1970
trend,VN,CN,12761
trend,KR,CN,40104
trend,MZ,CN,132
trend,BE,CN,1515
trend,CH,CN,8233
trend,CA,CN,22190
trend,IT,CN,10381
trend,MY,CN,56514
trend,DE,CN,23833
trend,PE,CN,1699
trend,RU,CN,1343
trend,IN,CN,462
trend,UG,CN,889
trend,IN,CN,29
trend,TR,CN,775
trend,BN,CN,507
trend,US,CN,26082
trend,GR,CN,2484
trend,AT,CN,6054
trend,HK,CN,57219
trend,IN,CN,45
trend,IN,CN,54
trend,IN,CN,704
trend,IN,CN,34
trend,IN,CN,112
trend,IN,CN,397
trend,IN,CN,34
trend,IL,CN,4
trend,IE,CN,816
trend,SE,CN,2016
trend,FI,CN,2864
trend,SI,CN,630
trend,SN,CN,167
trend,GN,CN,12
trend,CV,CN,83
trend,MN,CN,1064
trend,ET,CN,4197
trend,FJ,CN,1372
trend,UZ,CN,1668
trend,AM,CN,29
trend,RS,CN,636
trend,UA,CN,557
trend,SG,CN,65538
trend,KH,CN,9041
trend,NP,CN,157
trend,ZA,CN,13572
trend,CL,CN,369
trend,CR,CN,88
trend,IN,CN,2
trend,PR,CN,61
trend,SI,CN,896
trend,CI,CN,193
trend,BR,CN,265
trend,IN,CN,16
trend,IR,CN,576
trend,LT,CN,83
trend,TW,CN,20
trend,IN,CN,29
trend,PL,CN,368
trend,MS,CN,4
trend,PA,CN,125
trend,LB,CN,866
trend,TG,CN,136
trend,BY,CN,159
trend,CF,CN,61
trend,TH,CN,13042
trend,SK,CN,352
trend,IN,CN,42
trend,FR,CN,21808
trend,UZ,CN,1456
trend,IN,CN,31
trend,MA,CN,388
trend,GE,CN,1107
trend,IN,CN,10
trend,LS,CN,8
trend,CL,CN,526
trend,PH,CN,8747
trend,IN,CN,42
trend,CY,CN,244
trend,MA,CN,972
trend,GN,CN,2
trend,ML,CN,48
trend,CA,CN,238
trend,TH,CN,46059
trend,TH,CN,35789
trend,MX,CN,2016
trend,HR,CN,429
trend,MU,CN,2193
trend,MX,CN,2487
trend,BT,CN,33
trend,HU,CN,525
trend,MT,CN,44
trend,PF,CN,98
trend,PG,CN,1791
trend,TO,CN,104
trend,VU,CN,287
trend,BO,CN,433
trend,MV,CN,122311
trend,KW,CN,4228
trend,BI,CN,6
trend,MM,CN,882
trend,NA,CN,75
trend,SB,CN,9
trend,MP,CN,5251
trend,FI,CN,1008
trend,PL,CN,1023
trend,MN,CN,2489
trend,IL,CN,979
trend,BD,CN,292
trend,GB,CN,9840
trend,LA,CN,790
trend,BB,CN,76
trend,BG,CN,522
trend,LK,CN,3683
trend,NO,CN,2462
trend,MW,CN,140
trend,HR,CN,38
trend,LU,CN,120
trend,UA,CN,120
trend,TZ,CN,4347
trend,AF,CN,2050
trend,AF,CN,1
trend,IE,CN,143
trend,EG,CN,4664
trend,ID,CN,21027
trend,BH,CN,2246
trend,DO,CN,93
trend,MT,CN,774
trend,KN,CN,103
trend,TC,CN,43
trend,AF,CN,40
trend,EG,CN,4274
trend,LR,CN,26
trend,PG,CN,6247
trend,IN,CN,71
trend,IE,CN,1862
trend,GM,CN,83
trend,VN,CN,2189
trend,PK,CN,36963
trend,BW,CN,0
trend,GT,CN,19
trend,PA,CN,271
trend,AM,CN,7651
trend,KW,CN,391
trend,ES,CN,9096
trend,RO,CN,520
trend,CZ,CN,2338
trend,CH,CN,6565
trend,MK,CN,109
trend,RS,CN,874
trend,IN,CN,19
trend,SA,CN,1660
trend,TZ,CN,10989
trend,BN,CN,1594
trend,PY,CN,18
trend,TH,CN,9352
trend,MR,CN,273
trend,OM,CN,147
