trend,CN,TW,463313
trend,CN,MN,12936
trend,CN,SG,134385
trend,CN,TR,31008
trend,CN,US,553534
trend,CN,SN,787
trend,CN,LT,485
trend,CN,FJ,2476
trend,CN,SI,2303
trend,CN,MW,105
trend,CN,NZ,29834
trend,CN,BY,2263
trend,CN,JM,1226
trend,CN,SR,1458
trend,CN,MG,347
trend,CN,SD,2389
trend,CN,FO,102
trend,CN,AF,577
trend,CN,LS,5
trend,CN,GD,43
trend,CN,SB,5
trend,CN,CA,89870
trend,CN,AE,131412
trend,CN,PK,45286
trend,CN,ES,34281
trend,CN,BF,1818
trend,CN,CH,39330
trend,CN,CZ,13520
trend,CN,PH,170822
trend,CN,KE,10161
trend,CN,PR,101
trend,CN,BO,1226
trend,CN,AL,1254
trend,CN,GE,2226
trend,CN,RS,2117
trend,CN,NG,6714
trend,CN,EG,22117
trend,CN,IS,1924
trend,CN,RE,211
trend,CN,LR,91
trend,CN,VO,0
trend,CN,BH,2136
trend,CN,KN,86
trend,CN,MV,169795
trend,CN,GI,24
trend,CN,AD,0
trend,CN,FR,156674
trend,CN,MX,14370
trend,CN,GN,1074
trend,CN,LU,1076
trend,CN,QA,14913
trend,CN,AM,2263
trend,CN,IQ,15150
trend,CN,IT,78992
trend,CN,EE,2941
trend,CN,AR,7687
trend,CN,BE,10057
trend,CN,PE,2255
trend,CN,MA,3854
trend,CN,VN,41352
trend,CN,TG,239
trend,CN,DZ,3700
trend,CN,NI,45
trend,CN,KG,539
trend,CN,TD,66
trend,CN,BB,169
trend,CN,NP,10254
trend,CN,MZ,371
trend,CN,PF,2618
trend,CN,BT,89
trend,CN,CF,38
trend,CN,KR,483340
trend,CN,GR,16300
trend,CN,FI,14982
trend,CN,HR,3085
trend,CN,MY,190715
trend,CN,GT,196
trend,CN,CY,10254
trend,CN,KH,84494
trend,CN,TJ,1551
trend,CN,JO,2437
trend,CN,TN,1209
trend,CN,KW,13717
trend,CN,NE,428
trend,CN,OM,2871
trend,CN,SY,354
trend,CN,MD,96
trend,CN,MR,217
trend,CN,TZ,4383
trend,CN,YE,124
trend,CN,NA,119
trend,CN,LC,0
trend,CN,KM,165
trend,CN,VI,36
trend,CN,LB,2740
trend,CN,DK,25280
trend,CN,SE,19461
trend,CN,LV,498
trend,CN,MM,12518
trend,CN,HU,4105
trend,CN,IL,46677
trend,CN,PT,3676
trend,CN,IE,6571
trend,CN,NO,9075
trend,CN,CL,4903
trend,CN,ZW,10653
trend,CN,PG,4481
trend,CN,GU,9655
trend,CN,ZA,11811
trend,CN,ME,10783
trend,CN,ZM,861
trend,CN,CG,305
trend,CN,DM,129
trend,CN,MC,38
trend,CN,CD,151
trend,CN,TT,495
trend,CN,BZ,161
trend,CN,GY,162
trend,CN,GL,554
trend,CN,HK,1015698
trend,CN,MK,414
trend,CN,GB,118324
trend,CN,CO,1706
trend,CN,AT,25513
trend,CN,RO,1445
trend,CN,MT,629
trend,CN,RU,135965
trend,CN,DE,111837
trend,CN,BG,1495
trend,CN,BJ,549
trend,CN,UG,2871
trend,CN,LI,1188
trend,CN,UZ,4307
trend,CN,UY,115
trend,CN,GM,74
trend,CN,SV,18
trend,CN,CV,20
trend,CN,CN,0
trend,CN,BA,8808
trend,CN,SC,3059
trend,CN,CM,624
trend,CN,VU,287
trend,CN,IN,152132
trend,CN,LA,10640
trend,CN,SA,48668
trend,CN,BR,36305
trend,CN,JP,1225522
trend,CN,MO,389330
trend,CN,PL,4791
trend,CN,AU,154292
trend,CN,TH,181447
trend,CN,UA,3734
trend,CN,ID,104142
trend,CN,CI,1956
trend,CN,HN,77
trend,CN,CU,9883
trend,CN,BD,3765
trend,CN,SL,1086
trend,CN,BW,526
trend,CN,BN,1573
trend,CN,DO,552
trend,CN,TM,741
trend,CN,PY,151
trend,CN,TC,8
trend,CN,MS,0
trend,CN,BI,20
trend,CN,VC,0
trend,CN,SM,0
trend,CN,TO,759
trend,CN,NL,38626
trend,CN,PA,1846
trend,CN,ML,5077
trend,CN,LK,15420
trend,CN,MU,8360
trend,CN,GH,2906
trend,CN,VE,2067
trend,CN,IR,6419
trend,CN,AZ,7037
trend,CN,SK,915
trend,CN,RW,828
trend,CN,MP,5569
trend,CN,KY,344
trend,CN,AG,171
trend,CN,CR,433
trend,CN,AO,575
trend,CN,LY,613
trend,CN,EC,926
trend,CN,DJ,1580
trend,CN,AI,13
trend,CN,ET,6422
trend,CN,NC,654
trend,CN,GW,35
trend,JO,CN,1
trend,EC,CN,863
trend,IN,CN,1
trend,AU,CN,10499
trend,GN,CN,367
trend,PL,CN,307
trend,PT,CN,1739
trend,RE,CN,165
trend,DZ,CN,882
trend,HU,CN,1184
trend,IN,CN,64
trend,SL,CN,1048
trend,TW,CN,35577
trend,VE,CN,2028
trend,JM,CN,886
trend,MO,CN,49342
trend,SE,CN,1999
trend,LU,CN,214
trend,CI,CN,118
trend,MO,CN,183372
trend,IN,CN,10
trend,AU,CN,12499
trend,JO,CN,2106
trend,ID,CN,216
trend,AO,CN,435
trend,FJ,CN,639
trend,MY,CN,40
trend,CG,CN,72
trend,GY,CN,156
trend,ME,CN,9942
trend,DJ,CN,1190
trend,RO,CN,143
trend,NP,CN,9883
trend,GT,CN,29
trend,BE,CN,725
trend,LY,CN,41
trend,MN,CN,14
trend,AZ,CN,170
trend,ME,CN,615
trend,AE,CN,113612
trend,IE,CN,746
trend,BG,CN,88
trend,IN,CN,184
trend,LU,CN,129
trend,MC,CN,11
trend,NE,CN,298
trend,LK,CN,847
trend,VI,CN,36
trend,IN,CN,14
trend,IN,CN,108
trend,IN,CN,23
trend,IN,CN,4
trend,MD,CN,66
trend,IN,CN,156
trend,UA,CN,1756
trend,PT,CN,184
trend,LV,CN,83
trend,CA,CN,30
trend,VN,CN,3917
trend,MO,CN,105384
trend,CZ,CN,6931
trend,IS,CN,1227
trend,ZW,CN,318
trend,KE,CN,202
trend,NZ,CN,6134
trend,KH,CN,33777
trend,SG,CN,14498
trend,CZ,CN,1201
trend,UA,CN,343
trend,KW,CN,183
trend,IT,CN,9614
trend,VN,CN,21944
trend,NZ,CN,519
trend,KE,CN,878
trend,KE,CN,3380
trend,US,CN,75728
trend,RU,CN,26153
trend,CL,CN,504
trend,CA,CN,8391
trend,ZA,CN,921
trend,CA,CN,3649
trend,GU,CN,9619
trend,IN,CN,3
trend,IN,CN,3
trend,GB,CN,5555
trend,ZM,CN,386
trend,HR,CN,2257
trend,CO,CN,12
trend,BG,CN,445
trend,KH,CN,39301
trend,HK,CN,11531
trend,NO,CN,691
trend,AR,CN,2650
trend,AR,CN,573
trend,IN,CN,869
trend,YE,CN,0
trend,IN,CN,36
trend,BY,CN,1987
trend,JP,CN,116980
trend,IN,CN,328
trend,IN,CN,10
trend,IN,CN,2369
trend,IN,CN,216
trend,AL,CN,134
trend,BE,CN,3225
trend,LT,CN,95
trend,GB,CN,31814
trend,AE,CN,68
trend,NL,CN,2916
trend,MU,CN,365
trend,MX,CN,6573
trend,IN,CN,215
trend,IN,CN,215
trend,ZA,CN,285
trend,PK,CN,14
trend,BZ,CN,161
trend,AT,CN,10149
trend,LI,CN,157
trend,GB,CN,31
trend,FI,CN,1064
trend,MG,CN,13
trend,HU,CN,1141
trend,IN,CN,2
trend,BY,CN,14
trend,BR,CN,152
trend,BR,CN,373
trend,DE,CN,5432
trend,CO,CN,39
trend,IN,CN,0
trend,MV,CN,26902
trend,BO,CN,226
trend,US,CN,49730
trend,NG,CN,810
trend,JM,CN,435
trend,ES,CN,7886
trend,GD,CN,42
trend,DM,CN,7
trend,KY,CN,65
trend,AG,CN,76
trend,AI,CN,8
trend,LC,CN,0
trend,BR,CN,2462
trend,OM,CN,1824
trend,KG,CN,204
trend,AE,CN,0
trend,MM,CN,2826
trend,SV,CN,11
trend,CU,CN,3550
trend,GW,CN,21
trend,GI,CN,24
trend,PF,CN,1382
trend,RU,CN,767
trend,ZM,CN,47
trend,ME,CN,122
trend,EE,CN,192
trend,GM,CN,39
trend,ML,CN,370
trend,IT,CN,10790
trend,MA,CN,790
trend,RW,CN,793
trend,IR,CN,3291
trend,MG,CN,295
trend,BF,CN,439
trend,CG,CN,0
trend,IT,CN,106
trend,SK,CN,21
trend,TH,CN,21141
trend,IS,CN,290
trend,NI,CN,4
trend,SA,CN,851
trend,AL,CN,531
trend,GB,CN,39
trend,SK,CN,175
trend,NZ,CN,6221
trend,TN,CN,94
trend,QA,CN,66
trend,KM,CN,54
trend,SY,CN,168
trend,BJ,CN,11
trend,DK,CN,1321
trend,IL,CN,39
trend,GE,CN,48
trend,CH,CN,14263
trend,DK,CN,1332
trend,EG,CN,8615
trend,FR,CN,6456
trend,GB,CN,1164
trend,IL,CN,1000
trend,MY,CN,10245
trend,NL,CN,10680
trend,NO,CN,5019
trend,TR,CN,6622
trend,SA,CN,1804
trend,RU,CN,41516
trend,HK,CN,310155
trend,FR,CN,47413
trend,IN,CN,1
trend,IN,CN,8
trend,BA,CN,5522
trend,LA,CN,9236
trend,TT,CN,385
trend,AR,CN,3561
trend,TW,CN,799
trend,TN,CN,25
trend,NG,CN,517
trend,EE,CN,375
trend,YE,CN,84
trend,QA,CN,1640
trend,UY,CN,98
trend,KG,CN,313
trend,SY,CN,56
trend,DZ,CN,680
trend,HN,CN,46
trend,MK,CN,2
trend,PK,CN,0
trend,PA,CN,135
trend,GH,CN,1668
trend,BR,CN,29
trend,KR,CN,36713
trend,TJ,CN,79
trend,RU,CN,800
trend,SD,CN,565
trend,AL,CN,93
trend,NL,CN,15
trend,CY,CN,7465
trend,IQ,CN,10058
trend,ID,CN,8812
trend,TN,CN,359
trend,LV,CN,96
trend,LV,CN,144
trend,LT,CN,68
trend,FO,CN,17
trend,BR,CN,2098
trend,BR,CN,536
trend,BR,CN,1493
trend,VE,CN,485
trend,IN,CN,1
trend,IN,CN,0
trend,NC,CN,285
trend,GH,CN,1215
trend,NI,CN,13
trend,BT,CN,52
trend,BD,CN,3318
trend,TJ,CN,231
trend,CO,CN,296
trend,SC,CN,2800
trend,IQ,CN,3123
trend,CM,CN,618
trend,IN,CN,14
trend,PT,CN,1179
trend,MY,CN,49180
trend,DE,CN,17133
trend,RU,CN,29845
trend,HK,CN,51537
trend,TW,CN,42155
trend,AT,CN,6230
trend,GR,CN,4945
trend,DK,CN,2814
trend,SG,CN,20374
trend,GB,CN,19339
trend,AM,CN,1606
trend,EE,CN,527
trend,RO,CN,80
trend,TR,CN,2048
trend,AZ,CN,6652
trend,MD,CN,14
trend,AU,CN,14749
trend,ID,CN,6831
trend,ES,CN,6741
trend,NL,CN,1109
trend,RU,CN,1612
trend,TM,CN,161
trend,NO,CN,114
trend,SE,CN,3017
trend,JP,CN,475060
trend,GL,CN,552
trend,CR,CN,225
trend,SR,CN,338
trend,CD,CN,141
trend,BJ,CN,47
trend,TJ,CN,1091
trend,BW,CN,116
trend,BA,CN,2760
trend,PK,CN,333
trend,GB,CN,32
trend,MU,CN,5099
trend,IN,CN,366
trend,IL,CN,395
trend,PH,CN,92072
trend,TD,CN,24
trend,ZW,CN,1385
trend,VN,CN,3023
trend,KR,CN,43459
trend,MZ,CN,213
trend,BE,CN,846
trend,CH,CN,8293
trend,CA,CN,23922
trend,IT,CN,13498
trend,MY,CN,55077
trend,DE,CN,22158
trend,PE,CN,1736
trend,RU,CN,1968
trend,IN,CN,743
trend,UG,CN,2231
trend,IN,CN,39
trend,TR,CN,871
trend,BN,CN,620
trend,US,CN,27645
trend,GR,CN,2502
trend,AT,CN,7585
trend,HK,CN,40487
trend,IN,CN,22
trend,IN,CN,7
trend,IN,CN,939
trend,IN,CN,24
trend,IN,CN,131
trend,IN,CN,570
trend,IN,CN,29
trend,IL,CN,4
trend,IE,CN,1093
trend,SE,CN,2344
trend,FI,CN,3945
trend,SI,CN,645
trend,SN,CN,340
trend,GN,CN,3
trend,CV,CN,16
trend,MN,CN,1172
trend,ET,CN,5114
trend,FJ,CN,1795
trend,UZ,CN,2843
trend,AM,CN,56
trend,RS,CN,659
trend,UA,CN,630
trend,SG,CN,48022
trend,KH,CN,11162
trend,NP,CN,311
trend,ZA,CN,8356
trend,CL,CN,890
trend,CR,CN,144
trend,IN,CN,1
trend,PR,CN,74
trend,SI,CN,805
trend,CI,CN,186
trend,BR,CN,266
trend,IN,CN,17
trend,IR,CN,498
trend,LT,CN,55
trend,TW,CN,49
trend,IN,CN,9
trend,PL,CN,738
trend,PA,CN,314
trend,LB,CN,1441
trend,TG,CN,194
trend,BY,CN,170
trend,CF,CN,38
trend,TH,CN,5261
trend,SK,CN,266
trend,IN,CN,56
trend,FR,CN,19702
trend,UZ,CN,1184
trend,IN,CN,57
trend,MA,CN,424
trend,GE,CN,1377
trend,IN,CN,2
trend,LS,CN,5
trend,RS,CN,4
trend,CL,CN,11
trend,PH,CN,23189
trend,IN,CN,7
trend,CY,CN,148
trend,MA,CN,968
trend,GN,CN,1
trend,ML,CN,74
trend,CA,CN,73
trend,TH,CN,54469
trend,TH,CN,11939
trend,MX,CN,1672
trend,HR,CN,586
trend,MU,CN,1902
trend,MX,CN,2652
trend,BT,CN,37
trend,HU,CN,638
trend,MT,CN,5
trend,PF,CN,1214
trend,PG,CN,1248
trend,TO,CN,788
trend,VU,CN,293
trend,BO,CN,666
trend,MV,CN,143007
trend,KW,CN,248
trend,BI,CN,20
trend,MM,CN,1373
trend,NA,CN,116
trend,SB,CN,5
trend,MP,CN,5434
trend,FI,CN,2042
trend,PL,CN,1197
trend,MN,CN,5301
trend,IL,CN,1233
trend,BD,CN,364
trend,GB,CN,12258
trend,LA,CN,1024
trend,BB,CN,143
trend,BG,CN,775
trend,LK,CN,8336
trend,NO,CN,2175
trend,MW,CN,54
trend,HR,CN,25
trend,LU,CN,66
trend,UA,CN,48
trend,TZ,CN,3378
trend,AF,CN,464
trend,AF,CN,1
trend,IE,CN,369
trend,EG,CN,4705
trend,ID,CN,20287
trend,BH,CN,1853
trend,DO,CN,205
trend,MT,CN,463
trend,KN,CN,86
trend,TC,CN,8
trend,AF,CN,84
trend,EG,CN,6659
trend,LR,CN,87
trend,PG,CN,3220
trend,IN,CN,118
trend,IE,CN,2165
trend,GM,CN,7
trend,VN,CN,2673
trend,PK,CN,34722
trend,GT,CN,17
trend,PA,CN,127
trend,AM,CN,381
trend,KW,CN,366
trend,ES,CN,8071
trend,RO,CN,857
trend,CZ,CN,2942
trend,CH,CN,7149
trend,MK,CN,221
trend,RS,CN,1295
trend,IN,CN,1
trend,SA,CN,2944
trend,TZ,CN,598
trend,BN,CN,865
trend,PY,CN,61
trend,TH,CN,5717
trend,MR,CN,224
trend,OM,CN,466
